<?xml version="1.0" encoding="UTF-8"?>
<!-- Generated by org.testng.reporters.JUnitXMLReporter -->
<testsuite hostname="7ushar" ignored="2" name="Index page tests" tests="3" failures="2" timestamp="2022-02-10T16:37:55 IST" time="56.212" errors="0">
  <testcase name="verifyTitle" time="0.095" classname="com.mystore.testcases.IndexPageTest"/>
  <testcase name="LoginTest" time="4.497" classname="com.mystore.testcases.LoginPageTest">
    <failure type="java.lang.AssertionError" message="Login Unsuccessfull.. expected [My account - My Store] but found [Login - My Store]">
      <![CDATA[java.lang.AssertionError: Login Unsuccessfull.. expected [My account - My Store] but found [Login - My Store]
at com.mystore.testcases.LoginPageTest.LoginTest(LoginPageTest.java:39)
at java.util.ArrayList.forEach(ArrayList.java:1259)
... Removed 31 stack frames]]>
    </failure>
  </testcase> <!-- LoginTest -->
  <testcase name="LoginTest" time="4.458" classname="com.mystore.testcases.LoginPageTest">
    <failure type="java.lang.AssertionError" message="Login Unsuccessfull.. expected [My account - My Store] but found [Login - My Store]">
      <![CDATA[java.lang.AssertionError: Login Unsuccessfull.. expected [My account - My Store] but found [Login - My Store]
at com.mystore.testcases.LoginPageTest.LoginTest(LoginPageTest.java:39)
at java.util.ArrayList.forEach(ArrayList.java:1259)
... Removed 31 stack frames]]>
    </failure>
  </testcase> <!-- LoginTest -->
  <testcase name="@AfterSuite afterSuite" time="0.0" classname="com.mystore.base.BaseClass">
    <ignored/>
  </testcase> <!-- @AfterSuite afterSuite -->
  <testcase name="@BeforeSuite loadConfig" time="0.0" classname="com.mystore.base.BaseClass">
    <ignored/>
  </testcase> <!-- @BeforeSuite loadConfig -->
</testsuite> <!-- Index page tests -->
