<?xml version="1.0" encoding="UTF-8"?>
<!-- Generated by org.testng.reporters.JUnitXMLReporter -->
<testsuite hostname="7ushar" ignored="0" name="Test" tests="1" failures="0" timestamp="2022-02-07T20:02:57 IST" time="0.099" errors="0">
  <testcase name="@BeforeTest loadConfig" time="0.026" classname="com.mystore.base.BaseClass">
    <failure type="java.lang.NullPointerException">
      <![CDATA[java.lang.NullPointerException
at java.io.FileInputStream.<init>(FileInputStream.java:130)
at java.io.FileInputStream.<init>(FileInputStream.java:93)
at com.mystore.base.BaseClass.loadConfig(BaseClass.java:22)
... Removed 24 stack frames]]>
    </failure>
  </testcase> <!-- @BeforeTest loadConfig -->
  <testcase name="@BeforeMethod setup" time="-1.644244377728E9" classname="com.mystore.testcases.IndexPageTest">
    <skipped/>
  </testcase> <!-- @BeforeMethod setup -->
  <testcase name="@AfterMethod tearDown" time="-1.644244377734E9" classname="com.mystore.testcases.IndexPageTest">
    <skipped/>
  </testcase> <!-- @AfterMethod tearDown -->
  <testcase name="verifyLogo" time="0.0" classname="com.mystore.testcases.IndexPageTest">
    <skipped/>
  </testcase> <!-- verifyLogo -->
</testsuite> <!-- Test -->
